<?xml version="1.0" encoding="UTF-8"?>
<!-- Generated by org.testng.reporters.JUnitXMLReporter -->
<testsuite hostname="DESKTOP-MF3J2E8" ignored="0" name="Test" tests="6" failures="0" timestamp="10 Jun 2020 12:23:43 GMT" time="78.463" errors="0">
  <testcase name="loginVerfy" time="0.129" classname="com.scripts.Internet.TESTLoginLogoutInternet"/>
  <testcase name="invalidLogin" time="5.199" classname="com.scripts.Internet.TESTLoginLogoutInternet"/>
  <testcase name="home" time="2.804" classname="com.scripts.Internet.TESTChallengingDOMInternet"/>
  <testcase name="login" time="6.612" classname="com.scripts.Internet.TESTLoginLogoutInternet"/>
  <testcase name="dom" time="13.728" classname="com.scripts.Internet.TESTChallengingDOMInternet"/>
  <testcase name="logout" time="7.077" classname="com.scripts.Internet.TESTLoginLogoutInternet"/>
</testsuite> <!-- Test -->
