<?xml version="1.0" encoding="UTF-8"?>
<testng-results skipped="0" failed="0" ignored="0" total="6" passed="6">
  <reporter-output>
  </reporter-output>
  <suite name="Suite" duration-ms="78463" started-at="2020-06-10T12:22:25Z" finished-at="2020-06-10T12:23:43Z">
    <groups>
    </groups>
    <test name="Test" duration-ms="78463" started-at="2020-06-10T12:22:25Z" finished-at="2020-06-10T12:23:43Z">
      <class name="com.scripts.Internet.TESTLoginLogoutInternet">
        <test-method status="PASS" signature="openBrowser()[pri:0, instance:com.scripts.Internet.TESTLoginLogoutInternet@401e7803]" name="openBrowser" is-config="true" duration-ms="32402" started-at="2020-06-10T12:22:25Z" finished-at="2020-06-10T12:22:57Z">
          <reporter-output>
          </reporter-output>
        </test-method> <!-- openBrowser -->
        <test-method status="PASS" signature="loginVerfy()[pri:0, instance:com.scripts.Internet.TESTLoginLogoutInternet@401e7803]" name="loginVerfy" duration-ms="129" started-at="2020-06-10T12:22:57Z" finished-at="2020-06-10T12:22:58Z">
          <reporter-output>
          </reporter-output>
        </test-method> <!-- loginVerfy -->
        <test-method status="PASS" signature="invalidLogin()[pri:1, instance:com.scripts.Internet.TESTLoginLogoutInternet@401e7803]" name="invalidLogin" duration-ms="5199" started-at="2020-06-10T12:22:58Z" finished-at="2020-06-10T12:23:03Z">
          <reporter-output>
          </reporter-output>
        </test-method> <!-- invalidLogin -->
        <test-method status="PASS" signature="login()[pri:2, instance:com.scripts.Internet.TESTLoginLogoutInternet@401e7803]" name="login" duration-ms="6612" started-at="2020-06-10T12:23:16Z" finished-at="2020-06-10T12:23:23Z">
          <reporter-output>
          </reporter-output>
        </test-method> <!-- login -->
        <test-method status="PASS" signature="logout()[pri:3, instance:com.scripts.Internet.TESTLoginLogoutInternet@401e7803]" name="logout" duration-ms="7077" started-at="2020-06-10T12:23:36Z" finished-at="2020-06-10T12:23:43Z">
          <reporter-output>
          </reporter-output>
        </test-method> <!-- logout -->
      </class> <!-- com.scripts.Internet.TESTLoginLogoutInternet -->
      <class name="com.scripts.Internet.TESTChallengingDOMInternet">
        <test-method status="PASS" signature="openBrowser()[pri:0, instance:com.scripts.Internet.TESTChallengingDOMInternet@10dba097]" name="openBrowser" is-config="true" duration-ms="10464" started-at="2020-06-10T12:23:03Z" finished-at="2020-06-10T12:23:13Z">
          <reporter-output>
          </reporter-output>
        </test-method> <!-- openBrowser -->
        <test-method status="PASS" signature="home()[pri:1, instance:com.scripts.Internet.TESTChallengingDOMInternet@10dba097]" name="home" duration-ms="2804" started-at="2020-06-10T12:23:13Z" finished-at="2020-06-10T12:23:16Z">
          <reporter-output>
          </reporter-output>
        </test-method> <!-- home -->
        <test-method status="PASS" signature="dom()[pri:2, instance:com.scripts.Internet.TESTChallengingDOMInternet@10dba097]" name="dom" duration-ms="13728" started-at="2020-06-10T12:23:23Z" finished-at="2020-06-10T12:23:36Z">
          <reporter-output>
          </reporter-output>
        </test-method> <!-- dom -->
      </class> <!-- com.scripts.Internet.TESTChallengingDOMInternet -->
    </test> <!-- Test -->
  </suite> <!-- Suite -->
</testng-results>
